{
  "RSpec": {
    "coverage": {
      "/Users/dener_black/private/nil_bank/app/models/balance.rb": [
        1,
        1,
        null
      ],
      "/Users/dener_black/private/nil_bank/spec/models/user_spec.rb": [
        1,
        null,
        1,
        1,
        2,
        null,
        null,
        1,
        2,
        2,
        2,
        null,
        null,
        1,
        3,
        null,
        1,
        1,
        null,
        null,
        1,
        1,
        null,
        null,
        null
      ],
      "/Users/dener_black/private/nil_bank/spec/factories/users.rb": [
        1,
        1,
        1,
        1,
        1,
        null,
        null
      ]
    },
    "timestamp": 1491008363
  }
}
